time="2025-02-12T14:27:10+03:00" level=warning msg="/home/igor/work/docker-runner/info/templates/3/full/docker-compose.yml: the attribute `version` is obsolete, it will be ignored, please remove it to avoid potential confusion"
#0 building with "default" instance using docker driver

#1 [app internal] load build definition from Dockerfile
#1 transferring dockerfile: 189B done
#1 DONE 0.0s

#2 [app internal] load metadata for docker.io/library/node:18-alpine
#2 DONE 1.1s

#3 [app internal] load .dockerignore
#3 transferring context: 2B done
#3 DONE 0.0s

#4 [app 1/6] FROM docker.io/library/node:18-alpine@sha256:974afb6cbc0314dc6502b14243b8a39fbb2d04d975e9059dd066be3e274fbb25
#4 DONE 0.0s

#5 [app internal] load build context
#5 transferring context: 155.39kB 0.1s done
#5 DONE 0.1s

#6 [app 2/6] WORKDIR /app
#6 CACHED

#7 [app 3/6] COPY package*.json ./
#7 CACHED

#8 [app 4/6] RUN npm install
#8 CACHED

#9 [app 5/6] RUN npm i -g node-dev
#9 CACHED

#10 [app 6/6] COPY . .
#10 DONE 0.7s

#11 [app] exporting to image
#11 exporting layers
#11 exporting layers 0.2s done
#11 writing image sha256:6a283a875fc7b47ae6ea706c50270f881832f1d1eae9de9a93af55125d4dd3a9 done
#11 naming to docker.io/library/node-app-4002-app done
#11 DONE 0.3s

#12 [app] resolving provenance for metadata file
#12 DONE 0.0s
 app  Built
 Network node-app-4002_default  Creating
 Network node-app-4002_default  Created
 Container node-app-4002-mongodb-1  Creating
 Container node-app-4002-mongodb-1  Created
 Container node-app-4002-app-1  Creating
 Container node-app-4002-app-1  Created
 Container node-app-4002-mongodb-1  Starting
 Container node-app-4002-mongodb-1  Started
 Container node-app-4002-app-1  Starting
 Container node-app-4002-app-1  Started
